02.27.2023 4:44am  2409:408c:be02:8922:153d:4d0:d35e:96ac  9758755-money-bag-png-image.png
02.27.2023 6:25am  2405:205:c8ef:9e96::68b:28b1  9758755-money-bag-png-image.png
02.27.2023 6:25am  2405:205:c8ef:9e96::68b:28b1  372190IMG_20230227_110132.jpg
02.27.2023 4:23pm  2405:204:8007:13a8::2732:8b0  251050Screenshot_2023_0227_214324.jpg
02.27.2023 4:55pm  2405:204:8007:13a8::2732:8b0  144597IMG_20230227_221759.jpg
02.27.2023 4:56pm  2405:204:8007:13a8::2732:8b0  144597IMG_20230227_221759.jpg
02.27.2023 5:08pm  2405:204:8007:13a8::2732:8b0  154211Screenshot_20230227_223437.jpg
02.27.2023 6:03pm  2405:204:8007:13a8::2732:8b0  690304Screenshot_20230227_223437.jpg
02.28.2023 3:43am  42.105.88.182  59973Screenshot_20230227_223437.jpg
03.01.2023 11:24am  2409:4041:2d03:a30d::7f09:3811  757598Screenshot_20230301_164630.jpg
03.01.2023 3:49pm  2409:4041:2d03:a30d::7f09:3811  262595Screenshot_20230301_211839_Paytm.jpg
03.02.2023 3:25pm  2405:204:8483:5edf::6d:78ac  265700Screenshot_2023-03-02-20-50-26-341_com.phonepe.app.jpg
03.03.2023 1:58am  197.25.141.177  265700Screenshot_2023-03-02-20-50-26-341_com.phonepe.app.jpg
03.04.2023 9:44am  2409:4041:2d1e:2878::7f49:7e05  368886Screenshot_2023-03-04-15-10-18-07_944a2809ea1b4cda6ef12d1db9048ed3.jpg
03.05.2023 3:04am  2409:4041:2d1e:2878::7f49:7e05  88795Screenshot_2023-03-05-06-27-32-43_49b96b5fbae0d12a18edc4a3afe0dfd9.jpg
03.05.2023 5:23pm  2409:4041:2cbc:aad0::7f89:e605  970714Screenshot_20230305-224858_Paytm.jpg
03.06.2023 2:50am  2409:4041:2cbc:aad0::7f89:e605  546619Screenshot_20230304_074902.jpg
03.07.2023 10:57am  2409:4041:2cc6:b587::7f89:ee12  73878816781865017107182219256382288016.jpg
03.08.2023 5:52pm  2405:205:c84d:ff7f::1a3d:f0a1  389548Screenshot_20230308-230950.png
03.09.2023 2:53am  2405:205:c84d:ff7f::1a3d:f0a1  65164Screenshot_20230309_082023_PhonePe.jpg
03.09.2023 6:55am  2405:205:c84d:ff7f::1a3d:f0a1  937533Screenshot_20230309_102755_PhonePe.jpg
03.09.2023 2:14pm  2405:205:c943:9fb0::7d2:48b1  547091IMG-20230309-WA0005.jpg
03.09.2023 2:19pm  2405:205:c943:9fb0::7d2:48b1  138391IMG-20230309-WA0029.jpg
03.09.2023 2:24pm  2405:204:8001:bef9::254:d8b0  144625Screenshot_2023-03-09-19-51-48-71_944a2809ea1b4cda6ef12d1db9048ed3.jpg
03.10.2023 4:50pm  2409:4041:e95:40c5::7f49:b0a  671215IMG_20230310_180200.jpg
03.10.2023 4:51pm  2409:4041:e95:40c5::7f49:b0a  148447IMG-20230309-WA0024.jpg
03.11.2023 1:00pm  2409:4041:e95:40c5::7f49:b0a  11262Screenshot_20230311-181737_Paytm.jpg
03.11.2023 2:34pm  2409:4041:e95:40c5::7f49:b0a  264669Screenshot_2023-03-11-19-54-45-03_944a2809ea1b4cda6ef12d1db9048ed3.jpg
03.12.2023 3:48am  2409:4041:e95:40c5::7f49:b0a  13290Screenshot_2023-03-12-09-11-11-07_49b96b5fbae0d12a18edc4a3afe0dfd9.jpg
03.12.2023 6:40am  2405:205:c86f:d0ee::2aa7:a0b1  395318Screenshot_2023_0312_120508.jpg
03.12.2023 4:18pm  2409:4041:e0b:2b8e::7fc9:6b08  750521Screenshot_20230312-214433_Paytm.jpg
03.12.2023 5:05pm  2409:4041:e0b:2b8e::7fc9:6b08  777224Screenshot_20230312_223311_PhonePe.jpg
03.12.2023 5:06pm  2409:4041:e0b:2b8e::7fc9:6b08  777224Screenshot_20230312_223311_PhonePe.jpg
03.12.2023 6:20pm  2409:4041:e0b:2b8e::7fc9:6b08  171925Screenshot_2023-03-12-23-06-16-682_com.whatsapp.jpg
03.13.2023 6:56am  2409:4041:e0b:2b8e::7fc9:6b08  490053Screenshot_2023-03-13-12-23-44-04_944a2809ea1b4cda6ef12d1db9048ed3.jpg
03.13.2023 10:50am  2409:4041:e0b:2b8e::7fc9:6b08  538240Screenshot_20230313_160913.jpg
03.13.2023 1:20pm  2409:4041:e0b:2b8e::7fc9:6b08  476066Screenshot_2023-03-13-18-47-30-333_com.google.android.apps.nbu.paisa.user.jpg
03.14.2023 3:26pm  2405:205:c827:7d0e::2a4d:78a4  98362Screenshot_2023-03-14-20-53-20-104_com.phonepe.app.jpg
03.15.2023 3:30pm  2401:4900:3bd7:a93a:47f0:36d2:9b8e:c10e  655128Screenshot_2023-03-15-11-26-23-28_49b96b5fbae0d12a18edc4a3afe0dfd9.jpg
03.15.2023 3:31pm  2401:4900:3bd7:a93a:47f0:36d2:9b8e:c10e  202964Screenshot_2023-03-15-06-42-45-20_944a2809ea1b4cda6ef12d1db9048ed3.jpg
03.15.2023 3:31pm  2401:4900:3bd7:a93a:47f0:36d2:9b8e:c10e  824173Screenshot_20230301_164630.jpg
03.15.2023 3:31pm  2401:4900:3bd7:a93a:47f0:36d2:9b8e:c10e  368886Screenshot_2023-03-04-15-10-18-07_944a2809ea1b4cda6ef12d1db9048ed3.jpg
03.15.2023 3:31pm  2401:4900:3bd7:a93a:47f0:36d2:9b8e:c10e  144625Screenshot_2023-03-09-19-51-48-71_944a2809ea1b4cda6ef12d1db9048ed3.jpg
03.16.2023 3:15am  2405:205:c806:91b8::15d8:c8a5  883793Screenshot_2023-03-16-08-38-52-64_944a2809ea1b4cda6ef12d1db9048ed3.jpg
03.16.2023 3:15am  2405:205:c806:91b8::15d8:c8a5  821243Screenshot_2023-03-16-08-13-59-35_944a2809ea1b4cda6ef12d1db9048ed3.jpg
03.16.2023 5:10am  2405:205:c806:91b8::15d8:c8a5  6636001678943241156.jpg
03.16.2023 7:15am  2405:205:c806:91b8::15d8:c8a5  923716Screenshot_2023-03-16-12-39-01-14.png
03.16.2023 10:42am  2405:205:c806:91b8::15d8:c8a5  897892Screenshot_20230316_160910.jpg
03.16.2023 11:33am  2409:4061:40c:4b47::667:d0a5  6636001678943241156.jpg
03.16.2023 5:48pm  2405:205:c806:91b8::15d8:c8a5  331144IMG-20230315-WA0002.jpg
03.17.2023 2:58am  2405:205:c806:91b8::15d8:c8a5  88388Screenshot_2023-03-17-08-23-45-61_944a2809ea1b4cda6ef12d1db9048ed3.jpg
03.18.2023 9:07am  2409:4041:d96:5555::7f49:f14  161463IMG-20230315-WA0002.jpg
03.18.2023 2:45pm  2409:4041:d96:5555::7f49:f14  882776Screenshot_20230318_201203.jpg
03.18.2023 2:55pm  2409:4041:d96:5555::7f49:f14  995765Screenshot_2023-03-18-20-21-59-14_944a2809ea1b4cda6ef12d1db9048ed3.jpg
03.18.2023 3:26pm  2409:4041:d96:5555::7f49:f14  132684Screenshot_20230318_205122.jpg
03.19.2023 2:36am  2405:204:8586:2936::70e:8b1  255317Screenshot_2023-03-19-08-04-31-37_944a2809ea1b4cda6ef12d1db9048ed3.jpg
03.19.2023 9:05am  2405:204:8586:2936::70e:8b1  479536Screenshot_2023-03-19-14-33-30-31_4336b74596784d9a2aa81f87c2016f50.jpg
03.19.2023 1:09pm  2405:204:8586:2936::70e:8b1  256298Screenshot_20230319-183532_Paytm.jpg
03.19.2023 3:15pm  2405:204:8586:2936::70e:8b1  267689Screenshot_20230319-203917.png
03.20.2023 4:14am  2405:204:8586:2936::70e:8b1  608696Screenshot_2023-03-19-22-33-24-44_944a2809ea1b4cda6ef12d1db9048ed3.jpg
03.20.2023 4:34am  2405:204:8586:2936::70e:8b1  435937Screenshot_20230320-100128_Paytm.jpg
03.20.2023 1:49pm  2409:4041:e8b:7b1b::7f09:6812  712774Screenshot_20230320_190512.jpg
03.20.2023 3:48pm  2409:4041:d15:3a70::7f09:5b03  119314Screenshot_2023-03-20-20-26-30-44_1bad0d8c3d2a4d996ec11aade4e588e7.jpg
03.20.2023 3:50pm  157.32.0.109  119314Screenshot_2023-03-20-20-26-30-44_1bad0d8c3d2a4d996ec11aade4e588e7.jpg
03.20.2023 3:51pm  2409:4041:d15:3a70::7f09:5b03  673479Screenshot_2023-03-20-21-16-25-30_1bad0d8c3d2a4d996ec11aade4e588e7.jpg
03.20.2023 4:09pm  2409:4041:d15:3a70::7f09:5b03  327761Screenshot_2023-03-20-20-26-30-44_1bad0d8c3d2a4d996ec11aade4e588e7.jpg
03.20.2023 4:10pm  2409:4041:d15:3a70::7f09:5b03  327761Screenshot_2023-03-20-20-26-30-44_1bad0d8c3d2a4d996ec11aade4e588e7.jpg
03.20.2023 4:11pm  2409:4041:d15:3a70::7f09:5b03  327761Screenshot_2023-03-20-20-26-30-44_1bad0d8c3d2a4d996ec11aade4e588e7.jpg
03.22.2023 6:02am  2409:4041:6d9e:419e::7fc9:1f03  335498IMG-20230320-WA0033.jpg
03.22.2023 6:02am  2409:4041:6d9e:419e::7fc9:1f03  335498IMG-20230320-WA0033.jpg
03.22.2023 6:02am  2409:4041:6d9e:419e::7fc9:1f03  629176Screenshot_2023-03-22-11-27-57-847_com.phonepe.app.jpg
03.23.2023 2:08am  2405:205:c909:3338::931:f0ac  171422Screenshot_2023-03-23-01-14-15-217_com.phonepe.app.jpg
03.23.2023 3:44pm  2409:4041:e1c:d84d::7f09:fe07  872056IMG-20230323-WA0005.jpg
03.24.2023 3:15am  2405:204:8503:df16::dee:f0b1  415746Screenshot_2023-03-23-01-14-15-217_com.phonepe.app.jpg
03.24.2023 3:57pm  2405:204:8503:df16::dee:f0b1  141471Screenshot_2023_0324_212309.jpg
03.25.2023 2:49pm  2409:4041:2d14:62da::7fc9:a101  866548Screenshot_20230325_195649.jpg
03.26.2023 2:07am  2409:4061:2d95:acb9::950b:320f  98362Screenshot_2023-03-14-20-53-20-104_com.phonepe.app.jpg
03.26.2023 1:36pm  2409:4061:2d95:acb9::950b:320f  743943Screenshot_2023-03-26-17-51-43-84_944a2809ea1b4cda6ef12d1db9048ed3.jpg
03.26.2023 2:27pm  2405:205:c880:6a58::24bb:b8a4  743943Screenshot_2023-03-26-17-51-43-84_944a2809ea1b4cda6ef12d1db9048ed3.jpg
03.26.2023 2:27pm  2405:205:c880:6a58::24bb:b8a4  572951Screenshot_2023-03-26-19-24-21-36_944a2809ea1b4cda6ef12d1db9048ed3.jpg
03.28.2023 8:29am  2409:4061:38c:d8da::fc5:d8a5  193523Screenshot_2023-03-17-19-53-07-1.png
03.28.2023 8:29am  2409:4061:38c:d8da::fc5:d8a5  474189Screenshot_20230328-093740_Paytm.jpg
03.29.2023 5:30pm  2409:4041:6d8f:f881::7f09:7d0c  477613Screenshot_2023-03-29-22-46-22-042_com.binance.dev.jpg
03.31.2023 10:29am  2409:4041:6d8f:f881::7f09:7d0c  863451Screenshot_20230331-155411_Binance.jpg
03.31.2023 2:24pm  2409:4041:6d8f:f881::7f09:7d0c  52519Screenshot_20230331-194011.png
04.03.2023 6:53am  2409:4041:e04:3c5b::7f09:b911  66653IMG-20230403-WA0006.jpg
04.05.2023 6:56am  2405:204:8288:4fa1::1b8d:a8a5  299054Screenshot_20230405_121456.jpg
04.05.2023 8:11am  2405:204:8288:4fa1::1b8d:a8a5  242680Screenshot_2023-04-05-13-36-47-04_944a2809ea1b4cda6ef12d1db9048ed3.jpg
04.08.2023 6:25am  42.105.88.93  308592IMG-20230408-WA0007.jpg
04.08.2023 8:02am  42.105.89.21  876008Screenshot_2023-04-08-13-27-06-81_944a2809ea1b4cda6ef12d1db9048ed3.jpg
04.08.2023 2:39pm  2405:204:830e:7f1a::283f:60a0  722033Screenshot_2023-04-08-20-06-20-56_944a2809ea1b4cda6ef12d1db9048ed3.jpg
04.09.2023 5:00am  42.105.88.43  722108Screenshot_2023-04-09-10-26-10-83_944a2809ea1b4cda6ef12d1db9048ed3.jpg
04.11.2023 3:18am  2409:4061:2bc7:f5cb::958b:8505  864898Screenshot_2023-04-10-19-54-16-87_944a2809ea1b4cda6ef12d1db9048ed3.jpg
04.14.2023 5:16am  2409:4041:2d8a:3cbe::7f89:8710  500616Screenshot_20230414_104158.jpg
04.15.2023 9:51am  2409:4041:e15:9ca3::7f89:4113  414125Screenshot_2023-04-15-13-48-36-089_com.tronlinkpro.wallet.jpg
04.16.2023 5:09am  2409:4041:d1d:2f38::7fc9:4400  300679IMG-20230416-WA0004.jpg
04.16.2023 9:44am  2409:4041:d1d:2f38::7fc9:4400  712650Screenshot_2023-04-16-15-10-39-763_com.phonepe.app.jpg
04.18.2023 7:25am  2405:205:c80e:90c3::6cb:40b0  174903Screenshot_20230418-125216_Paytm.jpg
04.19.2023 7:11am  2405:205:c80e:90c3::6cb:40b0  144664Screenshot_20230419_113528.jpg
04.26.2023 1:12pm  2405:204:8409:6848::1d1f:40a4  411178Screenshot_2023-04-25-21-22-34-264_com.tronlinkpro.wallet.jpg
04.28.2023 10:21am  2405:204:8409:6848::1d1f:40a4  116645IMG-20230428-WA0000.jpg
04.30.2023 6:17am  2405:204:8409:6848::1d1f:40a4  828048Screenshot_2023-04-30-09-51-27-057_com.tronlinkpro.wallet.jpg
04.30.2023 6:57am  2405:204:8409:6848::1d1f:40a4  589872IMG20230430121212.jpg
04.30.2023 12:24pm  2405:204:8409:6848::1d1f:40a4  707137Screenshot_2023-04-30-16-04-04-542_com.tronlinkpro.wallet.jpg
04.30.2023 12:25pm  2405:204:8409:6848::1d1f:40a4  707137Screenshot_2023-04-30-16-04-04-542_com.tronlinkpro.wallet.jpg
